{
    "start": "2023-02-28T13:33:12.378Z",
    "end": "2023-02-28T13:33:18.475Z",
    "capabilities": [
        {
            "acceptInsecureCerts": true,
            "browserName": "chrome",
            "browserVersion": "110.0.5481.104",
            "chrome": {
                "chromedriverVersion": "109.0.5414.74 (e7c5703604daa9cc128ccf5a5d3e993513758913-refs/branch-heads/5414@{#1172})",
                "userDataDir": "C:\\Users\\ORHAN~1.DEM\\AppData\\Local\\Temp\\scoped_dir33240_1174499173"
            },
            "goog:chromeOptions": {
                "debuggerAddress": "localhost:61261"
            },
            "networkConnectionEnabled": false,
            "pageLoadStrategy": "normal",
            "platformName": "windows",
            "proxy": {},
            "setWindowRect": true,
            "strictFileInteractability": false,
            "timeouts": {
                "implicit": 0,
                "pageLoad": 300000,
                "script": 30000
            },
            "unhandledPromptBehavior": "dismiss and notify",
            "webauthn:extension:credBlob": true,
            "webauthn:extension:largeBlob": true,
            "webauthn:virtualAuthenticators": true,
            "sessionId": "03cfe6b407588ae5c6015a417ebf3ccf"
        },
        {
            "acceptInsecureCerts": true,
            "browserName": "chrome",
            "browserVersion": "110.0.5481.104",
            "chrome": {
                "chromedriverVersion": "109.0.5414.74 (e7c5703604daa9cc128ccf5a5d3e993513758913-refs/branch-heads/5414@{#1172})",
                "userDataDir": "C:\\Users\\ORHAN~1.DEM\\AppData\\Local\\Temp\\scoped_dir33240_787039410"
            },
            "goog:chromeOptions": {
                "debuggerAddress": "localhost:61287"
            },
            "networkConnectionEnabled": false,
            "pageLoadStrategy": "normal",
            "platformName": "windows",
            "proxy": {},
            "setWindowRect": true,
            "strictFileInteractability": false,
            "timeouts": {
                "implicit": 0,
                "pageLoad": 300000,
                "script": 30000
            },
            "unhandledPromptBehavior": "dismiss and notify",
            "webauthn:extension:credBlob": true,
            "webauthn:extension:largeBlob": true,
            "webauthn:virtualAuthenticators": true,
            "sessionId": "4e733f1d7d10277d16c60b2da1d41115"
        }
    ],
    "host": "localhost",
    "port": 9515,
    "baseUrl": "https://demoqa.com/books",
    "framework": "mocha",
    "suites": [
        {
            "name": "Slack API",
            "duration": 1409,
            "start": "2023-02-28T13:33:12.386Z",
            "end": "2023-02-28T13:33:13.795Z",
            "sessionId": "03cfe6b407588ae5c6015a417ebf3ccf",
            "tests": [
                {
                    "name": "should send see test result in test rail - C3",
                    "start": "2023-02-28T13:33:12.386Z",
                    "end": "2023-02-28T13:33:12.388Z",
                    "duration": 2,
                    "state": "passed"
                },
                {
                    "name": "should work around - C4",
                    "start": "2023-02-28T13:33:12.388Z",
                    "end": "2023-02-28T13:33:12.399Z",
                    "duration": 11,
                    "state": "failed",
                    "error": "expected 2 to equal 7      \n      \u001b[30;41mactual\u001b[0m \u001b[30;42mexpected\u001b[0m\n      \n      \u001b[30;41m2\u001b[0m\u001b[30;42m7\u001b[0m\n      ",
                    "standardError": "AssertionError: expected 2 to equal 7\n    at Context.<anonymous> (C:\\Users\\orhan.demirci\\mocha\\test\\/example.js:18:24)\n    at Context.executeAsync (C:\\Users\\orhan.demirci\\mocha\\node_modules\\@wdio\\utils\\build\\shim.js:333:27)\n    at Context.testFrameworkFnWrapper (C:\\Users\\orhan.demirci\\mocha\\node_modules\\@wdio\\utils\\build\\test-framework\\testFnWrapper.js:51:32)"
                },
                {
                    "name": "Subtraction",
                    "start": "2023-02-28T13:33:12.400Z",
                    "end": "2023-02-28T13:33:12.401Z",
                    "duration": 1,
                    "state": "failed",
                    "error": "expected -2 to equal 2      \n      \u001b[30;41mactual\u001b[0m \u001b[30;42mexpected\u001b[0m\n      \n      \u001b[30;41m-\u001b[0m2\n      ",
                    "standardError": "AssertionError: expected -2 to equal 2\n    at Context.<anonymous> (C:\\Users\\orhan.demirci\\mocha\\test\\/example.js:22:24)\n    at Context.executeAsync (C:\\Users\\orhan.demirci\\mocha\\node_modules\\@wdio\\utils\\build\\shim.js:333:27)\n    at Context.testFrameworkFnWrapper (C:\\Users\\orhan.demirci\\mocha\\node_modules\\@wdio\\utils\\build\\test-framework\\testFnWrapper.js:51:32)"
                }
            ],
            "hooks": []
        },
        {
            "name": "Suite 2",
            "duration": 1384,
            "start": "2023-02-28T13:33:12.401Z",
            "end": "2023-02-28T13:33:13.785Z",
            "sessionId": "03cfe6b407588ae5c6015a417ebf3ccf",
            "tests": [
                {
                    "name": "Parse data",
                    "start": "2023-02-28T13:33:12.401Z",
                    "end": "2023-02-28T13:33:13.775Z",
                    "duration": 1374,
                    "state": "passed"
                },
                {
                    "name": "Addition",
                    "start": "2023-02-28T13:33:13.776Z",
                    "duration": 0,
                    "state": "skipped"
                },
                {
                    "name": "Subtraction",
                    "start": "2023-02-28T13:33:13.776Z",
                    "end": "2023-02-28T13:33:13.777Z",
                    "duration": 1,
                    "state": "failed",
                    "error": "expected -2 to equal 2      \n      \u001b[30;41mactual\u001b[0m \u001b[30;42mexpected\u001b[0m\n      \n      \u001b[30;41m-\u001b[0m2\n      ",
                    "standardError": "AssertionError: expected -2 to equal 2\n    at Context.<anonymous> (C:\\Users\\orhan.demirci\\mocha\\test\\/example.js:38:24)\n    at Context.executeAsync (C:\\Users\\orhan.demirci\\mocha\\node_modules\\@wdio\\utils\\build\\shim.js:333:27)\n    at Context.testFrameworkFnWrapper (C:\\Users\\orhan.demirci\\mocha\\node_modules\\@wdio\\utils\\build\\test-framework\\testFnWrapper.js:51:32)"
                }
            ],
            "hooks": []
        },
        {
            "name": "Mehmet",
            "duration": 1346,
            "start": "2023-02-28T13:33:17.129Z",
            "end": "2023-02-28T13:33:18.475Z",
            "sessionId": "4e733f1d7d10277d16c60b2da1d41115",
            "tests": [
                {
                    "name": "should send see test result in test rail - C3",
                    "start": "2023-02-28T13:33:17.129Z",
                    "end": "2023-02-28T13:33:17.131Z",
                    "duration": 2,
                    "state": "passed"
                },
                {
                    "name": "should work around - C4",
                    "start": "2023-02-28T13:33:17.131Z",
                    "end": "2023-02-28T13:33:17.131Z",
                    "duration": 0,
                    "state": "passed"
                },
                {
                    "name": "Subtraction",
                    "start": "2023-02-28T13:33:17.131Z",
                    "end": "2023-02-28T13:33:17.132Z",
                    "duration": 1,
                    "state": "passed"
                }
            ],
            "hooks": []
        },
        {
            "name": "Suite 3",
            "duration": 1335,
            "start": "2023-02-28T13:33:17.132Z",
            "end": "2023-02-28T13:33:18.467Z",
            "sessionId": "4e733f1d7d10277d16c60b2da1d41115",
            "tests": [
                {
                    "name": "Parse data",
                    "start": "2023-02-28T13:33:17.132Z",
                    "end": "2023-02-28T13:33:18.457Z",
                    "duration": 1325,
                    "state": "failed",
                    "error": "expected 'Google' to equal 'GoogleM'      \n      \u001b[30;41mactual\u001b[0m \u001b[30;42mexpected\u001b[0m\n      \n      '\u001b[30;41mGoogle\u001b[0m\u001b[30;42mGoogleM\u001b[0m'\n      ",
                    "standardError": "AssertionError: expected 'Google' to equal 'GoogleM'\n    at Context.<anonymous> (C:\\Users\\orhan.demirci\\mocha\\test\\/example2.js:30:45)"
                },
                {
                    "name": "Addition",
                    "start": "2023-02-28T13:33:18.457Z",
                    "duration": 0,
                    "state": "skipped"
                },
                {
                    "name": "Subtraction",
                    "start": "2023-02-28T13:33:18.457Z",
                    "end": "2023-02-28T13:33:18.458Z",
                    "duration": 1,
                    "state": "passed"
                }
            ],
            "hooks": []
        }
    ],
    "specs": [
        "C:\\Users\\orhan.demirci\\mocha\\test\\example.js",
        "C:\\Users\\orhan.demirci\\mocha\\test\\example2.js"
    ],
    "state": {
        "passed": 6,
        "failed": 4,
        "skipped": 2
    }
}
